***********************************************************************
12:11:31
输出信息：错误信息
异常信息：
System.Data.OleDb.OleDbException (0x80004005): Microsoft Office Access 数据库引擎无法打开文件“”或无法向其写入数据。它已经被其他用户以独占方式打开，或者您没有查看或写入其数据的权限。
   在 System.Data.OleDb.OleDbConnectionInternal..ctor(OleDbConnectionString constr, OleDbConnection connection)
   在 System.Data.OleDb.OleDbConnectionFactory.CreateConnection(DbConnectionOptions options, DbConnectionPoolKey poolKey, Object poolGroupProviderInfo, DbConnectionPool pool, DbConnection owningObject)
   在 System.Data.ProviderBase.DbConnectionFactory.CreateConnection(DbConnectionOptions options, DbConnectionPoolKey poolKey, Object poolGroupProviderInfo, DbConnectionPool pool, DbConnection owningConnection, DbConnectionOptions userOptions)
   在 System.Data.ProviderBase.DbConnectionFactory.CreateNonPooledConnection(DbConnection owningConnection, DbConnectionPoolGroup poolGroup, DbConnectionOptions userOptions)
   在 System.Data.ProviderBase.DbConnectionFactory.TryGetConnection(DbConnection owningConnection, TaskCompletionSource`1 retry, DbConnectionOptions userOptions, DbConnectionInternal oldConnection, DbConnectionInternal& connection)
   在 System.Data.ProviderBase.DbConnectionInternal.TryOpenConnectionInternal(DbConnection outerConnection, DbConnectionFactory connectionFactory, TaskCompletionSource`1 retry, DbConnectionOptions userOptions)
   在 System.Data.ProviderBase.DbConnectionClosed.TryOpenConnection(DbConnection outerConnection, DbConnectionFactory connectionFactory, TaskCompletionSource`1 retry, DbConnectionOptions userOptions)
   在 System.Data.ProviderBase.DbConnectionInternal.OpenConnection(DbConnection outerConnection, DbConnectionFactory connectionFactory)
   在 System.Data.OleDb.OleDbConnection.Open()
   在 xlsx2sql.FileSvr.GetExcelDatatable(String fileUrl, String table) 位置 D:\xlsx2sql\xlsx2sql\FileSvr.cs:行号 38
***********************************************************************
12:11:31
输出信息：错误信息
异常信息：
System.Data.OleDb.OleDbException (0x80004005): Microsoft Office Access 数据库引擎无法打开文件“”或无法向其写入数据。它已经被其他用户以独占方式打开，或者您没有查看或写入其数据的权限。
   在 xlsx2sql.FileSvr.GetExcelDatatable(String fileUrl, String table) 位置 D:\xlsx2sql\xlsx2sql\FileSvr.cs:行号 59
   在 xlsx2sql.Form1.startInset(String path) 位置 D:\xlsx2sql\xlsx2sql\Form1.cs:行号 215
   在 xlsx2sql.Form1.button1_Click(Object sender, EventArgs e) 位置 D:\xlsx2sql\xlsx2sql\Form1.cs:行号 60
